#-----------------------------------------------------------
# Vivado v2019.2 (64-bit)
# SW Build 2708876 on Wed Nov  6 21:39:14 MST 2019
# IP Build 2700528 on Thu Nov  7 00:09:20 MST 2019
# Start of session at: Sat Apr 29 22:38:10 2023
# Process ID: 33019
# Current directory: /home/keli/code/CRI_Mapping
# Command line: vivado
# Log file: /home/keli/code/CRI_Mapping/vivado.log
# Journal file: /home/keli/code/CRI_Mapping/vivado.jou
#-----------------------------------------------------------
start_gui
open_hw_manager
INFO: [IP_Flow 19-234] Refreshing IP repositories
INFO: [IP_Flow 19-1704] No user IP repositories specified
INFO: [IP_Flow 19-2313] Loaded Vivado IP repository '/tools/Xilinx/Vivado/2019.2/data/ip'.
connect_hw_server -allow_non_jtag
INFO: [Labtools 27-2285] Connecting to hw_server url TCP:localhost:3121
INFO: [Labtools 27-2222] Launching hw_server...
INFO: [Labtools 27-2221] Launch Output:

****** Xilinx hw_server v2019.2
  **** Build date : Nov  6 2019 at 22:13:42
    ** Copyright 1986-2019 Xilinx, Inc. All Rights Reserved.


INFO: [Labtools 27-3415] Connecting to cs_server url TCP:localhost:3042
INFO: [Labtools 27-3417] Launching cs_server...
INFO: [Labtools 27-2221] Launch Output:


****** Xilinx cs_server v2019.2.0
  **** Build date : Nov 06 2019-21:41:48
    ** Copyright 2017-2019 Xilinx, Inc. All Rights Reserved.



open_hw_target
INFO: [Labtoolstcl 44-466] Opening hw_target localhost:3121/xilinx_tcf/Digilent/210308B09B70
current_hw_device [get_hw_devices xcvu37p_0]
refresh_hw_device -update_hw_probes false [lindex [get_hw_devices xcvu37p_0] 0]
INFO: [Labtools 27-2302] Device xcvu37p (JTAG device index = 0) is programmed with a design that has 1 HBM core(s).
INFO: [Labtools 27-2302] Device xcvu37p (JTAG device index = 0) is programmed with a design that has 1 ILA core(s).
INFO: [Labtools 27-2302] Device xcvu37p (JTAG device index = 0) is programmed with a design that has 1 VIO core(s).
set_property PROBES.FILE {/home/keli/bitfiles/bitfiles_archived/450MHz_Clk_01312023.ltx} [get_hw_devices xcvu37p_0]
set_property FULL_PROBES.FILE {/home/keli/bitfiles/bitfiles_archived/450MHz_Clk_01312023.ltx} [get_hw_devices xcvu37p_0]
set_property PROGRAM.FILE {/home/keli/bitfiles/bitfiles_archived/450MHz_Clk_01312023.bit} [get_hw_devices xcvu37p_0]
program_hw_devices [get_hw_devices xcvu37p_0]
INFO: [Labtools 27-3164] End of startup status: HIGH
program_hw_devices: Time (s): cpu = 00:00:20 ; elapsed = 00:00:17 . Memory (MB): peak = 8204.180 ; gain = 19.883 ; free physical = 1018277 ; free virtual = 1031757
refresh_hw_device [lindex [get_hw_devices xcvu37p_0] 0]
WARNING: [Labtools 27-3436] No Memory Controllers are detected. This may be due to one of the following:
  1. An undriven APB clock, or one that is over the maximum allowed frequency.
  2. The APB port of the HBM is being held in reset (active-low).
  3. The APB port is in use by the user port (apb_x_psel=1).
INFO: [Labtools 27-2302] Device xcvu37p (JTAG device index = 0) is programmed with a design that has 1 HBM core(s).
INFO: [Labtools 27-2302] Device xcvu37p (JTAG device index = 0) is programmed with a design that has 1 ILA core(s).
INFO: [Labtools 27-2302] Device xcvu37p (JTAG device index = 0) is programmed with a design that has 1 VIO core(s).
display_hw_ila_data [ get_hw_ila_data hw_ila_data_1 -of_objects [get_hw_ilas -of_objects [get_hw_devices xcvu37p_0] -filter {CELL_NAME=~"my_ila"}]]
set_property PROBES.FILE {/home/keli/bitfiles/bitfiles_archived/450MHz_Clk_01312023.ltx} [get_hw_devices xcvu37p_0]
set_property FULL_PROBES.FILE {/home/keli/bitfiles/bitfiles_archived/450MHz_Clk_01312023.ltx} [get_hw_devices xcvu37p_0]
set_property PROGRAM.FILE {/home/keli/bitfiles/bitfiles_archived/450MHz_Clk_01312023.bit} [get_hw_devices xcvu37p_0]
program_hw_devices [get_hw_devices xcvu37p_0]
INFO: [Labtools 27-3164] End of startup status: HIGH
program_hw_devices: Time (s): cpu = 00:00:19 ; elapsed = 00:00:17 . Memory (MB): peak = 9244.688 ; gain = 0.000 ; free physical = 1018226 ; free virtual = 1031710
refresh_hw_device [lindex [get_hw_devices xcvu37p_0] 0]
WARNING: [Labtools 27-3436] No Memory Controllers are detected. This may be due to one of the following:
  1. An undriven APB clock, or one that is over the maximum allowed frequency.
  2. The APB port of the HBM is being held in reset (active-low).
  3. The APB port is in use by the user port (apb_x_psel=1).
INFO: [Labtools 27-2302] Device xcvu37p (JTAG device index = 0) is programmed with a design that has 1 HBM core(s).
INFO: [Labtools 27-2302] Device xcvu37p (JTAG device index = 0) is programmed with a design that has 1 ILA core(s).
INFO: [Labtools 27-2302] Device xcvu37p (JTAG device index = 0) is programmed with a design that has 1 VIO core(s).
